<?xml version="1.0" encoding="UTF-8"?>
<!-- Generated by org.testng.reporters.JUnitXMLReporter -->
<testsuite ignored="4" hostname="DESKTOP-L646HTL" failures="1" tests="6" name="ChromeTest" time="26.355" errors="0" timestamp="2023-08-18T01:53:18 IST">
  <testcase classname="testng.Testone" name="methodOne" time="2.436"/>
  <testcase classname="testng.Testone" name="methodThree" time="0.003">
    <skipped/>
  </testcase> <!-- methodThree -->
  <testcase classname="testng.Testone" name="methodThsee" time="0.007">
    <skipped/>
  </testcase> <!-- methodThsee -->
  <testcase classname="testng.Testone" name="methodThsee" time="0.002">
    <skipped/>
  </testcase> <!-- methodThsee -->
  <testcase classname="testng.Testone" name="methodThsee" time="0.002">
    <skipped/>
  </testcase> <!-- methodThsee -->
  <testcase classname="testng.Testone" name="methodThsee" time="0.002">
    <failure type="java.lang.AssertionError" message="Forcefully failing the testcase">
      <![CDATA[java.lang.AssertionError: Forcefully failing the testcase
at testng.Testone.methodThsee(Testone.java:77)
at java.base/java.util.ArrayList.forEach(ArrayList.java:1511)
... Removed 28 stack frames]]>
    </failure>
  </testcase> <!-- methodThsee -->
  <testcase classname="testng.test" name="Testone" time="0.0">
    <ignored/>
  </testcase> <!-- Testone -->
  <testcase classname="testng.TestTwo" name="Testtwo" time="0.0">
    <ignored/>
  </testcase> <!-- Testtwo -->
  <testcase classname="testng.test" name="Test" time="0.0">
    <ignored/>
  </testcase> <!-- Test -->
  <testcase classname="testng.TestTwo" name="Test2" time="0.0">
    <ignored/>
  </testcase> <!-- Test2 -->
</testsuite> <!-- ChromeTest -->
